#
# There is insufficient memory for the Java Runtime Environment to continue.
# Native memory allocation (malloc) failed to allocate 1362416 bytes for Chunk::new
# Possible reasons:
#   The system is out of physical RAM or swap space
#   In 32 bit mode, the process size limit was hit
# Possible solutions:
#   Reduce memory load on the system
#   Increase physical memory or swap space
#   Check if swap backing store is full
#   Use 64 bit Java on a 64 bit OS
#   Decrease Java heap size (-Xmx/-Xms)
#   Decrease number of Java threads
#   Decrease Java thread stack sizes (-Xss)
#   Set larger code cache with -XX:ReservedCodeCacheSize=
# This output file may be truncated or incomplete.
#
#  Out of Memory Error (allocation.cpp:390), pid=784360, tid=0x00000000000bf498
#
# JRE version: Java(TM) SE Runtime Environment (8.0_111-b14) (build 1.8.0_111-b14)
# Java VM: Java HotSpot(TM) 64-Bit Server VM (25.111-b14 mixed mode windows-amd64 compressed oops)
# Failed to write core dump. Minidumps are not enabled by default on client versions of Windows
#

---------------  T H R E A D  ---------------

Current thread (0x000000002296b800):  JavaThread "C2 CompilerThread1" daemon [_thread_in_native, id=783512, stack(0x0000000024090000,0x0000000024190000)]

Stack: [0x0000000024090000,0x0000000024190000]
[error occurred during error reporting (printing stack bounds), id 0xc0000005]

Native frames: (J=compiled Java code, j=interpreted, Vv=VM code, C=native code)


Current CompileTask:
C2:  14860 7769       4       com.sun.tools.javac.comp.Resolve::isAccessible (332 bytes)


---------------  P R O C E S S  ---------------

Java Threads: ( => current thread )
  0x0000000022a06800 JavaThread "Service Thread" daemon [_thread_blocked, id=783172, stack(0x0000000024390000,0x0000000024490000)]
  0x0000000022972000 JavaThread "C1 CompilerThread3" daemon [_thread_blocked, id=783508, stack(0x0000000024290000,0x0000000024390000)]
  0x000000002296c800 JavaThread "C2 CompilerThread2" daemon [_thread_in_native, id=783500, stack(0x0000000024190000,0x0000000024290000)]
=>0x000000002296b800 JavaThread "C2 CompilerThread1" daemon [_thread_in_native, id=783512, stack(0x0000000024090000,0x0000000024190000)]
  0x0000000022965800 JavaThread "C2 CompilerThread0" daemon [_thread_in_native, id=783544, stack(0x0000000023f90000,0x0000000024090000)]
  0x000000002294c800 JavaThread "Monitor Ctrl-Break" daemon [_thread_in_native, id=783480, stack(0x0000000023e90000,0x0000000023f90000)]
  0x000000002292e800 JavaThread "Attach Listener" daemon [_thread_blocked, id=783456, stack(0x0000000023d90000,0x0000000023e90000)]
  0x00000000228de000 JavaThread "Signal Dispatcher" daemon [_thread_blocked, id=783484, stack(0x0000000023c90000,0x0000000023d90000)]
  0x00000000228c3000 JavaThread "Finalizer" daemon [_thread_blocked, id=783476, stack(0x0000000023b30000,0x0000000023c30000)]
  0x0000000002b2a000 JavaThread "Reference Handler" daemon [_thread_blocked, id=783400, stack(0x0000000023a30000,0x0000000023b30000)]
  0x000000000282e000 JavaThread "main" [_thread_in_Java, id=783384, stack(0x0000000002830000,0x0000000002930000)]

Other Threads:
  0x00000000228a2800 VMThread [stack: 0x0000000023930000,0x0000000023a30000] [id=783440]
  0x0000000022a62000 WatcherThread [stack: 0x0000000024490000,0x0000000024590000] [id=783528]

VM state:not at safepoint (normal execution)

VM Mutex/Monitor currently owned by a thread: None

Heap:
 PSYoungGen      total 373760K, used 88901K [0x0000000740a00000, 0x000000075be00000, 0x00000007c0000000)
  eden space 338432K, 15% used [0x0000000740a00000,0x0000000743e54928,0x0000000755480000)
  from space 35328K, 99% used [0x0000000757900000,0x0000000759b7cc40,0x0000000759b80000)
  to   space 26624K, 0% used [0x000000075a400000,0x000000075a400000,0x000000075be00000)
 ParOldGen       total 170496K, used 68556K [0x0000000641e00000, 0x000000064c480000, 0x0000000740a00000)
  object space 170496K, 40% used [0x0000000641e00000,0x00000006460f32c8,0x000000064c480000)
 Metaspace       used 30336K, capacity 31064K, committed 31104K, reserved 1077248K
  class space    used 3463K, capacity 3700K, committed 3712K, reserved 1048576K

Card table byte_map: [0x0000000011ef0000,0x0000000012af0000] byte_map_base: 0x000000000ece1000

Marking Bits: (ParMarkBitMap*) 0x000000007413a6c0
 Begin Bits: [0x0000000013cf0000, 0x0000000019c78000)
 End Bits:   [0x0000000019c78000, 0x000000001fc00000)

Polling page: 0x00000000001d0000

CodeCache: size=245760Kb used=25572Kb max_used=26374Kb free=220187Kb
 bounds [0x0000000002b30000, 0x0000000004560000, 0x0000000011b30000]
 total_blobs=6780 nmethods=6347 adapters=344
 compilation: enabled

Compilation events (10 events):
Event: 14.782 Thread 0x0000000022972000 7852 %     3       java.net.URI::needsNormalization @ 123 (184 bytes)
Event: 14.783 Thread 0x0000000022972000 nmethod 7852% 0x000000000397bf90 code [0x000000000397c260, 0x000000000397db48]
Event: 14.783 Thread 0x0000000022972000 7853   !   2       com.sun.tools.javac.comp.Attr::attribClass (513 bytes)
Event: 14.787 Thread 0x0000000022972000 nmethod 7853 0x0000000003b18c50 code [0x0000000003b18f80, 0x0000000003b1a168]
Event: 14.787 Thread 0x0000000022972000 7854   !   2       com.sun.tools.javac.comp.TransTypes::translateClass (413 bytes)
Event: 14.790 Thread 0x0000000022972000 nmethod 7854 0x0000000003b95a90 code [0x0000000003b95e20, 0x0000000003b975e8]
Event: 14.833 Thread 0x0000000022972000 7855       2       com.sun.tools.javac.jvm.Gen::normalizeDefs (652 bytes)
Event: 14.837 Thread 0x0000000022972000 nmethod 7855 0x0000000003a94f90 code [0x0000000003a95420, 0x0000000003a970f8]
Event: 14.837 Thread 0x0000000022972000 7856       2       javax.tools.StandardLocation::isOutputLocation (40 bytes)
Event: 14.838 Thread 0x0000000022972000 nmethod 7856 0x0000000003c05850 code [0x0000000003c059a0, 0x0000000003c05b50]

GC Heap History (10 events):
Event: 5.801 GC heap before
{Heap before GC invocations=4 (full 0):
 PSYoungGen      total 114688K, used 114664K [0x0000000740a00000, 0x000000074ea00000, 0x00000007c0000000)
  eden space 98304K, 100% used [0x0000000740a00000,0x0000000746a00000,0x0000000746a00000)
  from space 16384K, 99% used [0x0000000746a00000,0x00000007479fa020,0x0000000747a00000)
  to   space 16384K, 0% used [0x000000074da00000,0x000000074da00000,0x000000074ea00000)
 ParOldGen       total 262144K, used 8313K [0x0000000641e00000, 0x0000000651e00000, 0x0000000740a00000)
  object space 262144K, 3% used [0x0000000641e00000,0x000000064261e6f0,0x0000000651e00000)
 Metaspace       used 19343K, capacity 19840K, committed 19968K, reserved 1067008K
  class space    used 2288K, capacity 2456K, committed 2560K, reserved 1048576K
Event: 5.826 GC heap after
Heap after GC invocations=4 (full 0):
 PSYoungGen      total 212992K, used 16361K [0x0000000740a00000, 0x000000074ea00000, 0x00000007c0000000)
  eden space 196608K, 0% used [0x0000000740a00000,0x0000000740a00000,0x000000074ca00000)
  from space 16384K, 99% used [0x000000074da00000,0x000000074e9fa670,0x000000074ea00000)
  to   space 16384K, 0% used [0x000000074ca00000,0x000000074ca00000,0x000000074da00000)
 ParOldGen       total 262144K, used 14912K [0x0000000641e00000, 0x0000000651e00000, 0x0000000740a00000)
  object space 262144K, 5% used [0x0000000641e00000,0x0000000642c90258,0x0000000651e00000)
 Metaspace       used 19343K, capacity 19840K, committed 19968K, reserved 1067008K
  class space    used 2288K, capacity 2456K, committed 2560K, reserved 1048576K
}
Event: 5.962 GC heap before
{Heap before GC invocations=5 (full 0):
 PSYoungGen      total 212992K, used 24082K [0x0000000740a00000, 0x000000074ea00000, 0x00000007c0000000)
  eden space 196608K, 3% used [0x0000000740a00000,0x000000074118a268,0x000000074ca00000)
  from space 16384K, 99% used [0x000000074da00000,0x000000074e9fa670,0x000000074ea00000)
  to   space 16384K, 0% used [0x000000074ca00000,0x000000074ca00000,0x000000074da00000)
 ParOldGen       total 262144K, used 14912K [0x0000000641e00000, 0x0000000651e00000, 0x0000000740a00000)
  object space 262144K, 5% used [0x0000000641e00000,0x0000000642c90258,0x0000000651e00000)
 Metaspace       used 20758K, capacity 21184K, committed 21296K, reserved 1069056K
  class space    used 2482K, capacity 2648K, committed 2688K, reserved 1048576K
Event: 5.986 GC heap after
Heap after GC invocations=5 (full 0):
 PSYoungGen      total 212992K, used 16365K [0x0000000740a00000, 0x000000075be00000, 0x00000007c0000000)
  eden space 196608K, 0% used [0x0000000740a00000,0x0000000740a00000,0x000000074ca00000)
  from space 16384K, 99% used [0x000000074ca00000,0x000000074d9fb478,0x000000074da00000)
  to   space 26624K, 0% used [0x000000075a400000,0x000000075a400000,0x000000075be00000)
 ParOldGen       total 262144K, used 15296K [0x0000000641e00000, 0x0000000651e00000, 0x0000000740a00000)
  object space 262144K, 5% used [0x0000000641e00000,0x0000000642cf0258,0x0000000651e00000)
 Metaspace       used 20758K, capacity 21184K, committed 21296K, reserved 1069056K
  class space    used 2482K, capacity 2648K, committed 2688K, reserved 1048576K
}
Event: 5.986 GC heap before
{Heap before GC invocations=6 (full 1):
 PSYoungGen      total 212992K, used 16365K [0x0000000740a00000, 0x000000075be00000, 0x00000007c0000000)
  eden space 196608K, 0% used [0x0000000740a00000,0x0000000740a00000,0x000000074ca00000)
  from space 16384K, 99% used [0x000000074ca00000,0x000000074d9fb478,0x000000074da00000)
  to   space 26624K, 0% used [0x000000075a400000,0x000000075a400000,0x000000075be00000)
 ParOldGen       total 262144K, used 15296K [0x0000000641e00000, 0x0000000651e00000, 0x0000000740a00000)
  object space 262144K, 5% used [0x0000000641e00000,0x0000000642cf0258,0x0000000651e00000)
 Metaspace       used 20758K, capacity 21184K, committed 21296K, reserved 1069056K
  class space    used 2482K, capacity 2648K, committed 2688K, reserved 1048576K
Event: 6.141 GC heap after
Heap after GC invocations=6 (full 1):
 PSYoungGen      total 212992K, used 0K [0x0000000740a00000, 0x000000075be00000, 0x00000007c0000000)
  eden space 196608K, 0% used [0x0000000740a00000,0x0000000740a00000,0x000000074ca00000)
  from space 16384K, 0% used [0x000000074ca00000,0x000000074ca00000,0x000000074da00000)
  to   space 26624K, 0% used [0x000000075a400000,0x000000075a400000,0x000000075be00000)
 ParOldGen       total 170496K, used 29154K [0x0000000641e00000, 0x000000064c480000, 0x0000000740a00000)
  object space 170496K, 17% used [0x0000000641e00000,0x0000000643a78a80,0x000000064c480000)
 Metaspace       used 20758K, capacity 21184K, committed 21296K, reserved 1069056K
  class space    used 2482K, capacity 2648K, committed 2688K, reserved 1048576K
}
Event: 8.256 GC heap before
{Heap before GC invocations=7 (full 1):
 PSYoungGen      total 212992K, used 196608K [0x0000000740a00000, 0x000000075be00000, 0x00000007c0000000)
  eden space 196608K, 100% used [0x0000000740a00000,0x000000074ca00000,0x000000074ca00000)
  from space 16384K, 0% used [0x000000074ca00000,0x000000074ca00000,0x000000074da00000)
  to   space 26624K, 0% used [0x000000075a400000,0x000000075a400000,0x000000075be00000)
 ParOldGen       total 170496K, used 29154K [0x0000000641e00000, 0x000000064c480000, 0x0000000740a00000)
  object space 170496K, 17% used [0x0000000641e00000,0x0000000643a78a80,0x000000064c480000)
 Metaspace       used 22257K, capacity 22784K, committed 22960K, reserved 1069056K
  class space    used 2581K, capacity 2776K, committed 2816K, reserved 1048576K
Event: 8.535 GC heap after
Heap after GC invocations=7 (full 1):
 PSYoungGen      total 365056K, used 26596K [0x0000000740a00000, 0x000000075be00000, 0x00000007c0000000)
  eden space 338432K, 0% used [0x0000000740a00000,0x0000000740a00000,0x0000000755480000)
  from space 26624K, 99% used [0x000000075a400000,0x000000075bdf93f0,0x000000075be00000)
  to   space 35328K, 0% used [0x0000000757900000,0x0000000757900000,0x0000000759b80000)
 ParOldGen       total 170496K, used 38739K [0x0000000641e00000, 0x000000064c480000, 0x0000000740a00000)
  object space 170496K, 22% used [0x0000000641e00000,0x00000006443d4f60,0x000000064c480000)
 Metaspace       used 22257K, capacity 22784K, committed 22960K, reserved 1069056K
  class space    used 2581K, capacity 2776K, committed 2816K, reserved 1048576K
}
Event: 13.836 GC heap before
{Heap before GC invocations=8 (full 1):
 PSYoungGen      total 365056K, used 365028K [0x0000000740a00000, 0x000000075be00000, 0x00000007c0000000)
  eden space 338432K, 100% used [0x0000000740a00000,0x0000000755480000,0x0000000755480000)
  from space 26624K, 99% used [0x000000075a400000,0x000000075bdf93f0,0x000000075be00000)
  to   space 35328K, 0% used [0x0000000757900000,0x0000000757900000,0x0000000759b80000)
 ParOldGen       total 170496K, used 38739K [0x0000000641e00000, 0x000000064c480000, 0x0000000740a00000)
  object space 170496K, 22% used [0x0000000641e00000,0x00000006443d4f60,0x000000064c480000)
 Metaspace       used 29946K, capacity 30680K, committed 30848K, reserved 1077248K
  class space    used 3452K, capacity 3700K, committed 3712K, reserved 1048576K
Event: 13.905 GC heap after
Heap after GC invocations=8 (full 1):
 PSYoungGen      total 373760K, used 35315K [0x0000000740a00000, 0x000000075be00000, 0x00000007c0000000)
  eden space 338432K, 0% used [0x0000000740a00000,0x0000000740a00000,0x0000000755480000)
  from space 35328K, 99% used [0x0000000757900000,0x0000000759b7cc40,0x0000000759b80000)
  to   space 26624K, 0% used [0x000000075a400000,0x000000075a400000,0x000000075be00000)
 ParOldGen       total 170496K, used 68556K [0x0000000641e00000, 0x000000064c480000, 0x0000000740a00000)
  object space 170496K, 40% used [0x0000000641e00000,0x00000006460f32c8,0x000000064c480000)
 Metaspace       used 29946K, capacity 30680K, committed 30848K, reserved 1077248K
  class space    used 3452K, capacity 3700K, committed 3712K, reserved 1048576K
}

Deoptimization events (10 events):
Event: 14.648 Thread 0x000000000282e000 Uncommon trap: reason=class_check action=maybe_recompile pc=0x00000000044c2ce8 method=com.sun.tools.javac.code.Types.isSubtypeUncheckedInternal(Lcom/sun/tools/javac/code/Type;Lcom/sun/tools/javac/code/Type;Lcom/sun/tools/javac/util/Warner;)Z @ 21
Event: 14.656 Thread 0x000000000282e000 Uncommon trap: reason=class_check action=maybe_recompile pc=0x0000000004403674 method=com.sun.tools.javac.comp.Resolve.findIdentInType(Lcom/sun/tools/javac/comp/Env;Lcom/sun/tools/javac/code/Type;Lcom/sun/tools/javac/util/Name;I)Lcom/sun/tools/javac/code/
Event: 14.656 Thread 0x000000000282e000 Uncommon trap: reason=class_check action=maybe_recompile pc=0x0000000004403674 method=com.sun.tools.javac.comp.Resolve.findIdentInType(Lcom/sun/tools/javac/comp/Env;Lcom/sun/tools/javac/code/Type;Lcom/sun/tools/javac/util/Name;I)Lcom/sun/tools/javac/code/
Event: 14.657 Thread 0x000000000282e000 Uncommon trap: reason=class_check action=maybe_recompile pc=0x00000000044fb7f8 method=com.sun.tools.javac.comp.Resolve$AbstractMethodCheck.argumentsAcceptable(Lcom/sun/tools/javac/comp/Env;Lcom/sun/tools/javac/comp/DeferredAttr$DeferredAttrContext;Lcom/su
Event: 14.657 Thread 0x000000000282e000 Uncommon trap: reason=class_check action=maybe_recompile pc=0x00000000044fb7f8 method=com.sun.tools.javac.comp.Resolve$AbstractMethodCheck.argumentsAcceptable(Lcom/sun/tools/javac/comp/Env;Lcom/sun/tools/javac/comp/DeferredAttr$DeferredAttrContext;Lcom/su
Event: 14.678 Thread 0x000000000282e000 Uncommon trap: reason=bimorphic action=maybe_recompile pc=0x000000000390af74 method=com.sun.tools.javac.jvm.Items$Item.coerce(I)Lcom/sun/tools/javac/jvm/Items$Item; @ 11
Event: 14.731 Thread 0x000000000282e000 Uncommon trap: reason=class_check action=maybe_recompile pc=0x0000000004403674 method=com.sun.tools.javac.comp.Resolve.findIdentInType(Lcom/sun/tools/javac/comp/Env;Lcom/sun/tools/javac/code/Type;Lcom/sun/tools/javac/util/Name;I)Lcom/sun/tools/javac/code/
Event: 14.731 Thread 0x000000000282e000 Uncommon trap: reason=class_check action=maybe_recompile pc=0x0000000004403674 method=com.sun.tools.javac.comp.Resolve.findIdentInType(Lcom/sun/tools/javac/comp/Env;Lcom/sun/tools/javac/code/Type;Lcom/sun/tools/javac/util/Name;I)Lcom/sun/tools/javac/code/
Event: 14.732 Thread 0x000000000282e000 Uncommon trap: reason=class_check action=maybe_recompile pc=0x00000000044fb7f8 method=com.sun.tools.javac.comp.Resolve$AbstractMethodCheck.argumentsAcceptable(Lcom/sun/tools/javac/comp/Env;Lcom/sun/tools/javac/comp/DeferredAttr$DeferredAttrContext;Lcom/su
Event: 14.732 Thread 0x000000000282e000 Uncommon trap: reason=class_check action=maybe_recompile pc=0x00000000044fb7f8 method=com.sun.tools.javac.comp.Resolve$AbstractMethodCheck.argumentsAcceptable(Lcom/sun/tools/javac/comp/Env;Lcom/sun/tools/javac/comp/DeferredAttr$DeferredAttrContext;Lcom/su

Internal exceptions (10 events):
Event: 10.610 Thread 0x000000000282e000 Exception <a 'java/lang/ClassNotFoundException': org/mapstruct/ap/internal/model/assignment/SetterWrapperCustomizer> (0x00000007489b8de8) thrown at [C:\re\workspace\8-2-build-windows-amd64-cygwin\jdk8u111\7883\hotspot\src\share\vm\classfile\systemDictiona
Event: 10.622 Thread 0x000000000282e000 Exception <a 'java/lang/ClassNotFoundException': org/mapstruct/ap/internal/model/common/SourceRHSBeanInfo> (0x0000000748aa5b40) thrown at [C:\re\workspace\8-2-build-windows-amd64-cygwin\jdk8u111\7883\hotspot\src\share\vm\classfile\systemDictionary.cpp, li
Event: 10.623 Thread 0x000000000282e000 Exception <a 'java/lang/ClassNotFoundException': org/mapstruct/ap/internal/model/common/SourceRHSCustomizer> (0x0000000748ac6520) thrown at [C:\re\workspace\8-2-build-windows-amd64-cygwin\jdk8u111\7883\hotspot\src\share\vm\classfile\systemDictionary.cpp, 
Event: 10.632 Thread 0x000000000282e000 Exception <a 'java/lang/ClassNotFoundException': org/mapstruct/ap/internal/model/TypeConversionBeanInfo> (0x0000000748b60638) thrown at [C:\re\workspace\8-2-build-windows-amd64-cygwin\jdk8u111\7883\hotspot\src\share\vm\classfile\systemDictionary.cpp, line
Event: 10.633 Thread 0x000000000282e000 Exception <a 'java/lang/ClassNotFoundException': org/mapstruct/ap/internal/model/TypeConversionCustomizer> (0x0000000748b80e60) thrown at [C:\re\workspace\8-2-build-windows-amd64-cygwin\jdk8u111\7883\hotspot\src\share\vm\classfile\systemDictionary.cpp, li
Event: 10.676 Thread 0x000000000282e000 Exception <a 'java/io/FileNotFoundException'> (0x0000000748e2ac40) thrown at [C:\re\workspace\8-2-build-windows-amd64-cygwin\jdk8u111\7883\hotspot\src\share\vm\prims\jni.cpp, line 709]
Event: 10.712 Thread 0x000000000282e000 Implicit null exception at 0x0000000003c0626e to 0x0000000003c06455
Event: 10.810 Thread 0x000000000282e000 Implicit null exception at 0x0000000003a16977 to 0x0000000003a16b89
Event: 11.792 Thread 0x000000000282e000 Exception <a 'java/io/FileNotFoundException'> (0x000000075010b488) thrown at [C:\re\workspace\8-2-build-windows-amd64-cygwin\jdk8u111\7883\hotspot\src\share\vm\prims\jni.cpp, line 709]
Event: 13.162 Thread 0x000000000282e000 Implicit null exception at 0x0000000004172625 to 0x00000000041744f9

Events (10 events):
Event: 14.732 Thread 0x000000000282e000 DEOPT UNPACKING pc=0x0000000002b7582a sp=0x000000000292bf38 mode 2
Event: 14.732 Thread 0x000000000282e000 Uncommon trap: trap_request=0xffffffde fr.pc=0x00000000044fb7f8
Event: 14.732 Thread 0x000000000282e000 DEOPT PACKING pc=0x00000000044fb7f8 sp=0x000000000292bed0
Event: 14.732 Thread 0x000000000282e000 DEOPT UNPACKING pc=0x0000000002b7582a sp=0x000000000292bec8 mode 2
Event: 14.747 Thread 0x000000000282e000 DEOPT PACKING pc=0x000000000430e3f4 sp=0x000000000292cdc0
Event: 14.747 Thread 0x000000000282e000 DEOPT UNPACKING pc=0x0000000002b7787f sp=0x000000000292cb58 mode 0
Event: 14.771 loading class com/sun/tools/javac/tree/TreeInfo$TypeAnnotationFinder
Event: 14.771 loading class com/sun/tools/javac/tree/TreeInfo$TypeAnnotationFinder done
Event: 14.771 loading class com/sun/tools/javac/comp/Check$3
Event: 14.771 loading class com/sun/tools/javac/comp/Check$3 done


Dynamic libraries:
0x00007ff61dd50000 - 0x00007ff61dd87000 	C:\JDK1.8\bin\java.exe
0x00007ffca4b60000 - 0x00007ffca4d50000 	C:\WINDOWS\SYSTEM32\ntdll.dll
0x00007ffca3880000 - 0x00007ffca3932000 	C:\WINDOWS\System32\KERNEL32.DLL
0x00007ffca2610000 - 0x00007ffca28b3000 	C:\WINDOWS\System32\KERNELBASE.dll
0x00007ffca3760000 - 0x00007ffca3803000 	C:\WINDOWS\System32\ADVAPI32.dll
0x00007ffca2ce0000 - 0x00007ffca2d7e000 	C:\WINDOWS\System32\msvcrt.dll
0x00007ffca2de0000 - 0x00007ffca2e77000 	C:\WINDOWS\System32\sechost.dll
0x00007ffca3f10000 - 0x00007ffca4030000 	C:\WINDOWS\System32\RPCRT4.dll
0x00007ffca2f30000 - 0x00007ffca30c4000 	C:\WINDOWS\System32\USER32.dll
0x00007ffca2940000 - 0x00007ffca2961000 	C:\WINDOWS\System32\win32u.dll
0x00007ffca4a20000 - 0x00007ffca4a46000 	C:\WINDOWS\System32\GDI32.dll
0x00007ffca2a70000 - 0x00007ffca2c04000 	C:\WINDOWS\System32\gdi32full.dll
0x00007ffca2370000 - 0x00007ffca240e000 	C:\WINDOWS\System32\msvcp_win.dll
0x00007ffca2970000 - 0x00007ffca2a6a000 	C:\WINDOWS\System32\ucrtbase.dll
0x00007ffc903e0000 - 0x00007ffc90665000 	C:\WINDOWS\WinSxS\amd64_microsoft.windows.common-controls_6595b64144ccf1df_6.0.18362.476_none_e6c4b11b130f2595\COMCTL32.dll
0x00007ffca30d0000 - 0x00007ffca3406000 	C:\WINDOWS\System32\combase.dll
0x00007ffca28c0000 - 0x00007ffca2940000 	C:\WINDOWS\System32\bcryptPrimitives.dll
0x00007ffca2ef0000 - 0x00007ffca2f1e000 	C:\WINDOWS\System32\IMM32.DLL
0x00000000741c0000 - 0x0000000074292000 	C:\JDK1.8\jre\bin\msvcr100.dll
0x0000000073920000 - 0x00000000741ba000 	C:\JDK1.8\jre\bin\server\jvm.dll
0x00007ffca2ee0000 - 0x00007ffca2ee8000 	C:\WINDOWS\System32\PSAPI.DLL
0x00007ffc9d500000 - 0x00007ffc9d509000 	C:\WINDOWS\SYSTEM32\WSOCK32.dll
0x00007ffca3810000 - 0x00007ffca387f000 	C:\WINDOWS\System32\WS2_32.dll
0x00007ffc9a2a0000 - 0x00007ffc9a2aa000 	C:\WINDOWS\SYSTEM32\VERSION.dll
0x00007ffc9ebb0000 - 0x00007ffc9ebd4000 	C:\WINDOWS\SYSTEM32\WINMM.dll
0x00007ffc9eb80000 - 0x00007ffc9ebad000 	C:\WINDOWS\SYSTEM32\winmmbase.dll
0x00007ffca2410000 - 0x00007ffca245a000 	C:\WINDOWS\System32\cfgmgr32.dll
0x0000000073910000 - 0x000000007391f000 	C:\JDK1.8\jre\bin\verify.dll
0x00000000738e0000 - 0x0000000073909000 	C:\JDK1.8\jre\bin\java.dll
0x0000000073720000 - 0x0000000073743000 	C:\JDK1.8\jre\bin\instrument.dll
0x00000000738c0000 - 0x00000000738d6000 	C:\JDK1.8\jre\bin\zip.dll
0x00007ffca42c0000 - 0x00007ffca49a5000 	C:\WINDOWS\System32\SHELL32.dll
0x00007ffca3e30000 - 0x00007ffca3ed9000 	C:\WINDOWS\System32\shcore.dll
0x00007ffca1bf0000 - 0x00007ffca236e000 	C:\WINDOWS\System32\windows.storage.dll
0x00007ffca1ad0000 - 0x00007ffca1aef000 	C:\WINDOWS\System32\profapi.dll
0x00007ffca1a80000 - 0x00007ffca1aca000 	C:\WINDOWS\System32\powrprof.dll
0x00007ffca1a30000 - 0x00007ffca1a40000 	C:\WINDOWS\System32\UMPDC.dll
0x00007ffca2d80000 - 0x00007ffca2dd2000 	C:\WINDOWS\System32\shlwapi.dll
0x00007ffca1a40000 - 0x00007ffca1a51000 	C:\WINDOWS\System32\kernel.appcore.dll
0x00007ffca1af0000 - 0x00007ffca1b07000 	C:\WINDOWS\System32\cryptsp.dll
0x00007ffc88420000 - 0x00007ffc8843a000 	D:\IntelliJ IDEA 2018.1\bin\breakgen64.dll
0x00000000738a0000 - 0x00000000738ba000 	C:\JDK1.8\jre\bin\net.dll
0x00007ffca12a0000 - 0x00007ffca1307000 	C:\WINDOWS\system32\mswsock.dll
0x0000000073880000 - 0x0000000073891000 	C:\JDK1.8\jre\bin\nio.dll

VM Arguments:
jvm_args: -Dmaven.multiModuleProjectDirectory=F:\SpringCloud-visionvera\visionvera-app-server -Dmaven.home=D:\IntelliJ IDEA 2018.1\plugins\maven\lib\maven3 -Dclassworlds.conf=D:\IntelliJ IDEA 2018.1\plugins\maven\lib\maven3\bin\m2.conf -javaagent:D:\IntelliJ IDEA 2018.1\lib\idea_rt.jar=55346:D:\IntelliJ IDEA 2018.1\bin -Dfile.encoding=UTF-8 
java_command: org.codehaus.classworlds.Launcher -Didea.version=2018.1 install -f pom.xml
java_class_path (initial): D:\IntelliJ IDEA 2018.1\plugins\maven\lib\maven3\boot\plexus-classworlds-2.5.2.jar;D:\IntelliJ IDEA 2018.1\lib\idea_rt.jar
Launcher Type: SUN_STANDARD

Environment Variables:
PATH=G:\xshell6\;C:\Program Files (x86)\Intel\Intel(R) Management Engine Components\iCLS\;C:\Program Files\Intel\Intel(R) Management Engine Components\iCLS\;C:\Windows\system32;C:\Windows;C:\Windows\System32\Wbem;C:\Windows\System32\WindowsPowerShell\v1.0\;C:\Windows\System32\OpenSSH\;C:\Program Files (x86)\Intel\Intel(R) Management Engine Components\DAL;C:\Program Files\Intel\Intel(R) Management Engine Components\DAL;C:\Program Files (x86)\Intel\Intel(R) Management Engine Components\IPT;C:\Program Files\Intel\Intel(R) Management Engine Components\IPT;C:\Program Files (x86)\NVIDIA Corporation\PhysX\Common;C:\WINDOWS\system32;C:\WINDOWS;C:\WINDOWS\System32\Wbem;C:\WINDOWS\System32\WindowsPowerShell\v1.0\;C:\WINDOWS\System32\OpenSSH\;C:\Program Files\TortoiseSVN\bin;G:\Erlang\erl10.2\bin;C:\Users\Xinhx\AppData\Local\Microsoft\WindowsApps;
USERNAME=Xinhx
OS=Windows_NT
PROCESSOR_IDENTIFIER=Intel64 Family 6 Model 158 Stepping 10, GenuineIntel



---------------  S Y S T E M  ---------------

OS: Windows 10.0 , 64 bit Build 18362 (10.0.18362.329)

CPU:total 12 (6 cores per cpu, 2 threads per core) family 6 model 158 stepping 10, cmov, cx8, fxsr, mmx, sse, sse2, sse3, ssse3, sse4.1, sse4.2, popcnt, avx, avx2, aes, clmul, erms, 3dnowpref, lzcnt, ht, tsc, tscinvbit, bmi1, bmi2, adx

Memory: 4k page, physical 25036084k(70356k free), swap 40501936k(4376k free)

vm_info: Java HotSpot(TM) 64-Bit Server VM (25.111-b14) for windows-amd64 JRE (1.8.0_111-b14), built on Sep 22 2016 19:24:05 by "java_re" with MS VC++ 10.0 (VS2010)

time: Thu Nov 28 18:35:21 2019
elapsed time: 14 seconds (0d 0h 0m 14s)

